<?xml version="1.0" encoding="UTF-8"?>
<!-- Generated by org.testng.reporters.JUnitXMLReporter -->
<testsuite ignored="0" hostname="LAPTOP-7E2Q3DBA" failures="0" tests="2" name="Surefire test" time="25.311" errors="0" timestamp="2025-01-20T23:49:06 IST">
  <testcase classname="AutomationTDDFramework.MyOwnFramework.StandaloneTest" name="submitOrder" time="7.463"/>
  <testcase classname="AutomationTDDFramework.MyOwnFramework.StandaloneTest" name="orderHistory" time="7.562"/>
</testsuite> <!-- Surefire test -->
