<?xml version="1.0" encoding="UTF-8"?>
<!-- Generated by org.testng.reporters.JUnitXMLReporter -->
<testsuite ignored="0" hostname="LAPTOP-7E2Q3DBA" failures="0" tests="2" name="SubmitOrder" time="29.058" errors="0" timestamp="2025-01-20T23:57:33 IST">
  <testcase classname="AutomationTDDFramework.MyOwnFramework.StandaloneTest" name="submitOrder" time="8.383"/>
  <testcase classname="AutomationTDDFramework.MyOwnFramework.StandaloneTest" name="orderHistory" time="7.679"/>
</testsuite> <!-- SubmitOrder -->
