<?xml version="1.0" encoding="UTF-8"?>
<testng-results ignored="0" total="5" passed="5" failed="0" skipped="0">
  <reporter-output>
  </reporter-output>
  <suite started-at="2025-01-20T23:57:04 IST" name="Suite" finished-at="2025-01-20T23:57:33 IST" duration-ms="29058">
    <groups>
    </groups>
    <test started-at="2025-01-20T23:57:04 IST" name="Error Validation" finished-at="2025-01-20T23:57:12 IST" duration-ms="8522">
      <class name="AutomationTDDFramework.MyOwnFramework.errorValidations">
        <test-method is-config="true" signature="launchingApplication()[pri:0, instance:AutomationTDDFramework.MyOwnFramework.errorValidations@5b8dfcc1]" started-at="2025-01-20T23:57:04 IST" name="launchingApplication" finished-at="2025-01-20T23:57:10 IST" duration-ms="6717" status="PASS">
          <reporter-output>
          </reporter-output>
        </test-method> <!-- launchingApplication -->
        <test-method signature="submitOrder()[pri:0, instance:AutomationTDDFramework.MyOwnFramework.errorValidations@5b8dfcc1]" started-at="2025-01-20T23:57:10 IST" name="submitOrder" finished-at="2025-01-20T23:57:12 IST" duration-ms="1236" status="PASS">
          <reporter-output>
          </reporter-output>
        </test-method> <!-- submitOrder -->
        <test-method is-config="true" signature="close()[pri:0, instance:AutomationTDDFramework.MyOwnFramework.errorValidations@5b8dfcc1]" started-at="2025-01-20T23:57:12 IST" name="close" finished-at="2025-01-20T23:57:12 IST" duration-ms="487" status="PASS">
          <reporter-output>
          </reporter-output>
        </test-method> <!-- close -->
      </class> <!-- AutomationTDDFramework.MyOwnFramework.errorValidations -->
    </test> <!-- Error Validation -->
    <test started-at="2025-01-20T23:57:04 IST" name="StandaloneTest" finished-at="2025-01-20T23:57:32 IST" duration-ms="28123">
      <class name="AutomationTDDFramework.MyOwnFramework.StandaloneTest">
        <test-method is-config="true" signature="launchingApplication()[pri:0, instance:AutomationTDDFramework.MyOwnFramework.StandaloneTest@67c27493]" started-at="2025-01-20T23:57:04 IST" name="launchingApplication" finished-at="2025-01-20T23:57:11 IST" duration-ms="6944" status="PASS">
          <reporter-output>
          </reporter-output>
        </test-method> <!-- launchingApplication -->
        <test-method signature="submitOrder()[pri:0, instance:AutomationTDDFramework.MyOwnFramework.StandaloneTest@67c27493]" started-at="2025-01-20T23:57:11 IST" name="submitOrder" finished-at="2025-01-20T23:57:19 IST" duration-ms="8186" status="PASS">
          <reporter-output>
          </reporter-output>
        </test-method> <!-- submitOrder -->
        <test-method is-config="true" signature="close()[pri:0, instance:AutomationTDDFramework.MyOwnFramework.StandaloneTest@67c27493]" started-at="2025-01-20T23:57:19 IST" name="close" finished-at="2025-01-20T23:57:19 IST" duration-ms="180" status="PASS">
          <reporter-output>
          </reporter-output>
        </test-method> <!-- close -->
        <test-method is-config="true" signature="launchingApplication()[pri:0, instance:AutomationTDDFramework.MyOwnFramework.StandaloneTest@67c27493]" started-at="2025-01-20T23:57:19 IST" name="launchingApplication" finished-at="2025-01-20T23:57:24 IST" duration-ms="4774" status="PASS">
          <reporter-output>
          </reporter-output>
        </test-method> <!-- launchingApplication -->
        <test-method signature="orderHistory()[pri:0, instance:AutomationTDDFramework.MyOwnFramework.StandaloneTest@67c27493]" started-at="2025-01-20T23:57:24 IST" name="orderHistory" finished-at="2025-01-20T23:57:32 IST" depends-on-methods="AutomationTDDFramework.MyOwnFramework.StandaloneTest.submitOrder" duration-ms="7771" status="PASS">
          <reporter-output>
          </reporter-output>
        </test-method> <!-- orderHistory -->
        <test-method is-config="true" signature="close()[pri:0, instance:AutomationTDDFramework.MyOwnFramework.StandaloneTest@67c27493]" started-at="2025-01-20T23:57:32 IST" name="close" finished-at="2025-01-20T23:57:32 IST" duration-ms="195" status="PASS">
          <reporter-output>
          </reporter-output>
        </test-method> <!-- close -->
      </class> <!-- AutomationTDDFramework.MyOwnFramework.StandaloneTest -->
    </test> <!-- StandaloneTest -->
    <test started-at="2025-01-20T23:57:04 IST" name="SubmitOrder" finished-at="2025-01-20T23:57:33 IST" duration-ms="29058">
      <class name="AutomationTDDFramework.MyOwnFramework.StandaloneTest">
        <test-method is-config="true" signature="launchingApplication()[pri:0, instance:AutomationTDDFramework.MyOwnFramework.StandaloneTest@2ef3eef9]" started-at="2025-01-20T23:57:04 IST" name="launchingApplication" finished-at="2025-01-20T23:57:11 IST" duration-ms="7260" status="PASS">
          <reporter-output>
          </reporter-output>
        </test-method> <!-- launchingApplication -->
        <test-method signature="submitOrder()[pri:0, instance:AutomationTDDFramework.MyOwnFramework.StandaloneTest@2ef3eef9]" started-at="2025-01-20T23:57:11 IST" name="submitOrder" finished-at="2025-01-20T23:57:19 IST" duration-ms="8383" status="PASS">
          <reporter-output>
          </reporter-output>
        </test-method> <!-- submitOrder -->
        <test-method is-config="true" signature="close()[pri:0, instance:AutomationTDDFramework.MyOwnFramework.StandaloneTest@2ef3eef9]" started-at="2025-01-20T23:57:19 IST" name="close" finished-at="2025-01-20T23:57:20 IST" duration-ms="688" status="PASS">
          <reporter-output>
          </reporter-output>
        </test-method> <!-- close -->
        <test-method is-config="true" signature="launchingApplication()[pri:0, instance:AutomationTDDFramework.MyOwnFramework.StandaloneTest@2ef3eef9]" started-at="2025-01-20T23:57:20 IST" name="launchingApplication" finished-at="2025-01-20T23:57:25 IST" duration-ms="4802" status="PASS">
          <reporter-output>
          </reporter-output>
        </test-method> <!-- launchingApplication -->
        <test-method signature="orderHistory()[pri:0, instance:AutomationTDDFramework.MyOwnFramework.StandaloneTest@2ef3eef9]" started-at="2025-01-20T23:57:25 IST" name="orderHistory" finished-at="2025-01-20T23:57:33 IST" depends-on-methods="AutomationTDDFramework.MyOwnFramework.StandaloneTest.submitOrder" duration-ms="7679" status="PASS">
          <reporter-output>
          </reporter-output>
        </test-method> <!-- orderHistory -->
        <test-method is-config="true" signature="close()[pri:0, instance:AutomationTDDFramework.MyOwnFramework.StandaloneTest@2ef3eef9]" started-at="2025-01-20T23:57:33 IST" name="close" finished-at="2025-01-20T23:57:33 IST" duration-ms="174" status="PASS">
          <reporter-output>
          </reporter-output>
        </test-method> <!-- close -->
      </class> <!-- AutomationTDDFramework.MyOwnFramework.StandaloneTest -->
    </test> <!-- SubmitOrder -->
  </suite> <!-- Suite -->
</testng-results>
