<?xml version="1.0" encoding="UTF-8"?>
<testng-results ignored="0" total="1" passed="1" failed="0" skipped="0">
  <reporter-output>
  </reporter-output>
  <suite started-at="2025-01-31T21:09:03 IST" name="Default suite" finished-at="2025-01-31T21:09:18 IST" duration-ms="15040">
    <groups>
      <group name="cucumber">
        <method signature="AbstractTestNGCucumberTests.runScenario(io.cucumber.testng.PickleWrapper,io.cucumber.testng.FeatureWrapper)[pri:0, instance:TestNgCucumberRunner.TestNgCucumberRuner@23e84203]" name="runScenario" class="io.cucumber.testng.AbstractTestNGCucumberTests"/>
      </group> <!-- cucumber -->
    </groups>
    <test started-at="2025-01-31T21:09:03 IST" name="Default test" finished-at="2025-01-31T21:09:18 IST" duration-ms="15040">
      <class name="TestNgCucumberRunner.TestNgCucumberRuner">
        <test-method is-config="true" signature="setUpClass(org.testng.ITestContext)[pri:0, instance:TestNgCucumberRunner.TestNgCucumberRuner@23e84203]" started-at="2025-01-31T21:09:03 IST" name="setUpClass" finished-at="2025-01-31T21:09:04 IST" duration-ms="1149" status="PASS">
          <params>
            <param index="0">
              <value>
                <![CDATA[org.testng.TestRunner@75483843]]>
              </value>
            </param>
          </params>
          <reporter-output>
          </reporter-output>
        </test-method> <!-- setUpClass -->
        <test-method signature="runScenario(io.cucumber.testng.PickleWrapper,io.cucumber.testng.FeatureWrapper)[pri:0, instance:TestNgCucumberRunner.TestNgCucumberRuner@23e84203]" started-at="2025-01-31T21:09:04 IST" name="runScenario" description="Runs Cucumber Scenarios" data-provider="scenarios" finished-at="2025-01-31T21:09:18 IST" duration-ms="13736" status="PASS">
          <params>
            <param index="0">
              <value>
                <![CDATA["User is able to submit order"]]>
              </value>
            </param>
            <param index="1">
              <value>
                <![CDATA["Submit Order"]]>
              </value>
            </param>
          </params>
          <reporter-output>
          </reporter-output>
        </test-method> <!-- runScenario -->
        <test-method is-config="true" signature="tearDownClass()[pri:0, instance:TestNgCucumberRunner.TestNgCucumberRuner@23e84203]" started-at="2025-01-31T21:09:18 IST" name="tearDownClass" finished-at="2025-01-31T21:09:18 IST" duration-ms="55" status="PASS">
          <reporter-output>
          </reporter-output>
        </test-method> <!-- tearDownClass -->
      </class> <!-- TestNgCucumberRunner.TestNgCucumberRuner -->
    </test> <!-- Default test -->
  </suite> <!-- Default suite -->
</testng-results>
